<?xml version="1.0" encoding="UTF-8"?>
<!-- Generated by org.testng.reporters.JUnitXMLReporter -->
<testsuite hostname="Lenovo-PC" ignored="1" name="Default test(failed)" tests="3" failures="2" timestamp="07 Aug 2022 12:38:17 GMT" time="30.564" errors="0">
  <testcase name="switchFrameMiddle" time="2.378" classname="testNGBasics.SwitchFrames">
    <failure type="org.openqa.selenium.NoSuchFrameException" message="No frame element found by name or id frame-middle
Build info: version: &amp;apos;4.2.1&amp;apos;, revision: &amp;apos;ac4d0fdd4a&amp;apos;
System info: host: &amp;apos;LENOVO-PC&amp;apos;, ip: &amp;apos;192.168.1.5&amp;apos;, os.name: &amp;apos;Windows 10&amp;apos;, os.arch: &amp;apos;amd64&amp;apos;, os.version: &amp;apos;10.0&amp;apos;, java.version: &amp;apos;1.8.0_331&amp;apos;
Driver info: driver.version: unknown">
      <![CDATA[org.openqa.selenium.NoSuchFrameException: No frame element found by name or id frame-middle
Build info: version: '4.2.1', revision: 'ac4d0fdd4a'
System info: host: 'LENOVO-PC', ip: '192.168.1.5', os.name: 'Windows 10', os.arch: 'amd64', os.version: '10.0', java.version: '1.8.0_331'
Driver info: driver.version: unknown
	at org.openqa.selenium.remote.RemoteWebDriver$RemoteTargetLocator.frame(RemoteWebDriver.java:1041)
	at testNGBasics.SwitchFrames.switchFrameMiddle(SwitchFrames.java:44)
... Removed 25 stack frames]]>
    </failure>
  </testcase> <!-- switchFrameMiddle -->
  <testcase name="switchFrameLeft" time="6.408" classname="testNGBasics.SwitchFrames"/>
  <testcase name="switchFrameRight" time="4.068" classname="testNGBasics.SwitchFrames">
    <failure type="org.openqa.selenium.NoSuchFrameException" message="No frame element found by name or id frame-right
Build info: version: &amp;apos;4.2.1&amp;apos;, revision: &amp;apos;ac4d0fdd4a&amp;apos;
System info: host: &amp;apos;LENOVO-PC&amp;apos;, ip: &amp;apos;192.168.1.5&amp;apos;, os.name: &amp;apos;Windows 10&amp;apos;, os.arch: &amp;apos;amd64&amp;apos;, os.version: &amp;apos;10.0&amp;apos;, java.version: &amp;apos;1.8.0_331&amp;apos;
Driver info: driver.version: unknown">
      <![CDATA[org.openqa.selenium.NoSuchFrameException: No frame element found by name or id frame-right
Build info: version: '4.2.1', revision: 'ac4d0fdd4a'
System info: host: 'LENOVO-PC', ip: '192.168.1.5', os.name: 'Windows 10', os.arch: 'amd64', os.version: '10.0', java.version: '1.8.0_331'
Driver info: driver.version: unknown
	at org.openqa.selenium.remote.RemoteWebDriver$RemoteTargetLocator.frame(RemoteWebDriver.java:1041)
	at testNGBasics.SwitchFrames.switchFrameRight(SwitchFrames.java:52)
... Removed 25 stack frames]]>
    </failure>
  </testcase> <!-- switchFrameRight -->
  <testcase name="switchFrameBottom" time="0.0" classname="testNGBasics.SwitchFrames">
    <ignored/>
  </testcase> <!-- switchFrameBottom -->
</testsuite> <!-- Default test(failed) -->
