<?xml version="1.0" encoding="UTF-8"?>
<testng-results skipped="0" failed="0" ignored="0" total="2" passed="2">
  <reporter-output>
  </reporter-output>
  <suite name="Command line suite" duration-ms="34826" started-at="2022-08-15T09:31:36 IST" finished-at="2022-08-15T09:32:10 IST">
    <groups>
    </groups>
    <test name="Command line test" duration-ms="34826" started-at="2022-08-15T09:31:36 IST" finished-at="2022-08-15T09:32:10 IST">
      <class name="executetests.InputFormTest">
        <test-method status="PASS" signature="beforemethod()[pri:0, instance:executetests.InputFormTest@52feb982]" name="beforemethod" is-config="true" duration-ms="7275" started-at="2022-08-15T09:32:03 IST" finished-at="2022-08-15T09:32:10 IST">
          <reporter-output>
          </reporter-output>
        </test-method> <!-- beforemethod -->
        <test-method status="PASS" signature="verifyTheTextMessage()[pri:0, instance:executetests.InputFormTest@52feb982]" name="verifyTheTextMessage" duration-ms="1" started-at="2022-08-15T09:32:10 IST" finished-at="2022-08-15T09:32:10 IST">
          <reporter-output>
          </reporter-output>
        </test-method> <!-- verifyTheTextMessage -->
        <test-method status="PASS" signature="aftermethod()[pri:0, instance:executetests.InputFormTest@52feb982]" name="aftermethod" is-config="true" duration-ms="635" started-at="2022-08-15T09:32:10 IST" finished-at="2022-08-15T09:32:10 IST">
          <reporter-output>
          </reporter-output>
        </test-method> <!-- aftermethod -->
      </class> <!-- executetests.InputFormTest -->
      <class name="executetests.HomeTest">
        <test-method status="PASS" signature="beforemethod()[pri:0, instance:executetests.HomeTest@184f6be2]" name="beforemethod" is-config="true" duration-ms="25403" started-at="2022-08-15T09:31:36 IST" finished-at="2022-08-15T09:32:01 IST">
          <reporter-output>
          </reporter-output>
        </test-method> <!-- beforemethod -->
        <test-method status="PASS" signature="verifyWhetherTheLogoIsDisplayed()[pri:0, instance:executetests.HomeTest@184f6be2]" name="verifyWhetherTheLogoIsDisplayed" duration-ms="444" started-at="2022-08-15T09:32:01 IST" finished-at="2022-08-15T09:32:02 IST">
          <reporter-output>
          </reporter-output>
        </test-method> <!-- verifyWhetherTheLogoIsDisplayed -->
        <test-method status="PASS" signature="aftermethod()[pri:0, instance:executetests.HomeTest@184f6be2]" name="aftermethod" is-config="true" duration-ms="876" started-at="2022-08-15T09:32:02 IST" finished-at="2022-08-15T09:32:03 IST">
          <reporter-output>
          </reporter-output>
        </test-method> <!-- aftermethod -->
      </class> <!-- executetests.HomeTest -->
    </test> <!-- Command line test -->
  </suite> <!-- Command line suite -->
</testng-results>
