<?xml version="1.0" encoding="UTF-8"?>
<!-- Generated by org.testng.reporters.JUnitXMLReporter -->
<testsuite hostname="Lenovo-PC" ignored="9" name="Default test" tests="1" failures="0" timestamp="21 Aug 2022 07:11:48 GMT" time="36.887" errors="0">
  <testcase name="javascriptExecutorExample" time="12.078" classname="testNGBasics.SpiceJetButton"/>
  <testcase name="robotexample" time="0.0" classname="testNGBasics.SpiceJetButton">
    <ignored/>
  </testcase> <!-- robotexample -->
  <testcase name="mouseAction2" time="0.0" classname="testNGBasics.SpiceJetButton">
    <ignored/>
  </testcase> <!-- mouseAction2 -->
  <testcase name="verifyUrl_Spicejet" time="0.0" classname="testNGBasics.SpiceJetButton">
    <ignored/>
  </testcase> <!-- verifyUrl_Spicejet -->
  <testcase name="mouseActions5" time="0.0" classname="testNGBasics.SpiceJetButton">
    <ignored/>
  </testcase> <!-- mouseActions5 -->
  <testcase name="verifySearchButtonColor" time="0.0" classname="testNGBasics.SpiceJetButton">
    <ignored/>
  </testcase> <!-- verifySearchButtonColor -->
  <testcase name="mouseAction3" time="0.0" classname="testNGBasics.SpiceJetButton">
    <ignored/>
  </testcase> <!-- mouseAction3 -->
  <testcase name="mouseActions4" time="0.0" classname="testNGBasics.SpiceJetButton">
    <ignored/>
  </testcase> <!-- mouseActions4 -->
  <testcase name="mouseAction" time="0.0" classname="testNGBasics.SpiceJetButton">
    <ignored/>
  </testcase> <!-- mouseAction -->
  <testcase name="verifyTitle_Spicejet" time="0.0" classname="testNGBasics.SpiceJetButton">
    <ignored/>
  </testcase> <!-- verifyTitle_Spicejet -->
</testsuite> <!-- Default test -->
